[debug] [2026-04-07T15:18:30.763Z] ----------------------------------------------------------------------
[debug] [2026-04-07T15:18:30.772Z] Command:       C:\Program Files\nodejs\node.exe C:\Users\Antonio\AppData\Roaming\npm\node_modules\firebase-tools\lib\bin\firebase.js init hosting:github
[debug] [2026-04-07T15:18:30.773Z] CLI Version:   15.12.0
[debug] [2026-04-07T15:18:30.773Z] Platform:      win32
[debug] [2026-04-07T15:18:30.773Z] Node Version:  v24.14.0
[debug] [2026-04-07T15:18:30.773Z] Time:          Tue Apr 07 2026 12:18:30 GMT-0300 (Horário Padrão de Brasília)
[debug] [2026-04-07T15:18:30.773Z] ----------------------------------------------------------------------
[debug] 
[debug] [2026-04-07T15:18:30.775Z] >>> [apiv2][query] GET https://firebase-public.firebaseio.com/cli.json [none]
[info] 
     ######## #### ########  ######## ########     ###     ######  ########
     ##        ##  ##     ## ##       ##     ##  ##   ##  ##       ##
     ######    ##  ########  ######   ########  #########  ######  ######
     ##        ##  ##    ##  ##       ##     ## ##     ##       ## ##
     ##       #### ##     ## ######## ########  ##     ##  ######  ########

You're about to initialize a Firebase project in this directory:

  C:\dev\ana-psi-web

Before we get started, keep in mind:

  * You are currently outside your home directory

[debug] [2026-04-07T15:18:36.612Z] <<< [apiv2][status] GET https://firebase-public.firebaseio.com/cli.json 200
[debug] [2026-04-07T15:18:36.612Z] <<< [apiv2][body] GET https://firebase-public.firebaseio.com/cli.json {"cloudBuildErrorAfter":1594252800000,"cloudBuildWarnAfter":1590019200000,"defaultNode10After":1594252800000,"minVersion":"3.0.5","node8DeploysDisabledAfter":1613390400000,"node8RuntimeDisabledAfter":1615809600000,"node8WarnAfter":1600128000000}
[debug] [2026-04-07T15:18:55.554Z] ExitPromptError: User force closed the prompt with SIGINT
    at Interface.sigint (C:\Users\Antonio\AppData\Roaming\npm\node_modules\firebase-tools\node_modules\@inquirer\core\dist\commonjs\lib\create-prompt.js:101:37)
    at Interface.emit (node:events:508:28)
    at [_ttyWrite] [as _ttyWrite] (node:internal/readline/interface:1327:18)
    at ReadStream.onkeypress (node:internal/readline/interface:284:20)
    at ReadStream.emit (node:events:520:35)
    at emitKeys (node:internal/readline/utils:371:14)
    at emitKeys.next (<anonymous>)
    at ReadStream.onData (node:internal/readline/emitKeypressEvents:64:36)
    at ReadStream.emit (node:events:508:28)
    at addChunk (node:internal/streams/readable:563:12)
[error] 
[error] Error: An unexpected error has occurred.
